21:06:46 **** Incremental Build of configuration Debug for project parcial2019b ****
make all 
Building file: ../src/Informe.c
Invoking: GCC C Compiler
gcc -O0 -g3 -Wall -c -fmessage-length=0 -MMD -MP -MF"src/Informe.d" -MT"src/Informe.o" -o "src/Informe.o" "../src/Informe.c"
../src/Informe.c: In function ‘cliente_ConMasDe1000Reciclado’:
../src/Informe.c:398:10: warning: unused variable ‘clienteMaximo’ [-Wunused-variable]
  Cliente clienteMaximo;
          ^~~~~~~~~~~~~
../src/Informe.c:396:6: warning: unused variable ‘maximoPedidos’ [-Wunused-variable]
  int maximoPedidos=0;
      ^~~~~~~~~~~~~
../src/Informe.c:394:6: warning: unused variable ‘flagPrimero’ [-Wunused-variable]
  int flagPrimero = 1;
      ^~~~~~~~~~~
Finished building: ../src/Informe.c
 
Building file: ../src/main.c
Invoking: GCC C Compiler
gcc -O0 -g3 -Wall -c -fmessage-length=0 -MMD -MP -MF"src/main.d" -MT"src/main.o" -o "src/main.o" "../src/main.c"
../src/main.c: In function ‘main’:
../src/main.c:105:5: warning: implicit declaration of function ‘cliente_ConMasDe1000Reciclado’ [-Wimplicit-function-declaration]
     cliente_ConMasDe1000Reciclado(aClientes, QTY_CLIENTES, aPedidos, QTY_PEDIDOS);
     ^~~~~~~~~~~~~~~~~~~~~~~~~~~~~
Finished building: ../src/main.c
 
Building target: parcial2019b
Invoking: GCC C Linker
gcc  -o "parcial2019b"  ./src/Cliente.o ./src/Informe.o ./src/Pedido.o ./src/UI.o ./src/main.o ./src/utn.o   
Finished building target: parcial2019b
 

21:06:46 Build Finished. 0 errors, 4 warnings. (took 372ms)

